<?xml version="1.0" encoding="UTF-8"?>
<testsuite name="ParserTest" tests="1" skipped="0" failures="0" errors="0" timestamp="2024-04-24T03:35:21" hostname="LAPTOP-BA5OVN92" time="0.03">
  <properties/>
  <testcase name="testSortByName()" classname="ParserTest" time="0.03"/>
  <system-out><![CDATA[]]></system-out>
  <system-err><![CDATA[]]></system-err>
</testsuite>
